2024-11-08 11:44:54,020 [Worker-6: Loading available Gradle versions] INFO  o.e.b.c.i.u.g.PublishedGradleVersions - Gradle version information cache is up-to-date. Trying to read.
2024-11-08 11:45:46,601 [Worker-5: Building] INFO  o.e.m.c.i.l.LifecycleMappingFactory - Using DEFAULT lifecycle mapping for MavenProject: dk.sdu.bdd.xtext:dk.sdu.bdd.xtext:1.0.0-SNAPSHOT @ C:\Users\pierr\death-to-eclipse\WebBasedBDD-master\WebBasedSolution_GIT\dk.sdu.bdd.xtext.parent\dk.sdu.bdd.xtext\pom.xml.
2024-11-08 11:45:47,991 [Worker-5: Building] INFO  o.e.m.c.i.embedder.EclipseLogger - Using 'UTF-8' encoding to copy filtered resources.
2024-11-08 11:45:47,991 [Worker-5: Building] INFO  o.e.m.c.i.embedder.EclipseLogger - skip non existing resourceDirectory C:\Users\pierr\death-to-eclipse\WebBasedBDD-master\WebBasedSolution_GIT\dk.sdu.bdd.xtext.parent\dk.sdu.bdd.xtext\src\main\resources
2024-11-08 11:45:47,996 [Worker-5: Building] INFO  o.e.m.c.i.embedder.EclipseLogger - Using 'UTF-8' encoding to copy filtered resources.
2024-11-08 11:45:47,996 [Worker-5: Building] INFO  o.e.m.c.i.embedder.EclipseLogger - skip non existing resourceDirectory C:\Users\pierr\death-to-eclipse\WebBasedBDD-master\WebBasedSolution_GIT\dk.sdu.bdd.xtext.parent\dk.sdu.bdd.xtext\src\test\resources
2024-11-08 11:45:48,330 [Worker-5: Building] INFO  o.e.m.c.i.l.LifecycleMappingFactory - Using DEFAULT lifecycle mapping for MavenProject: dk.sdu.bdd.xtext:dk.sdu.bdd.xtext.ide:1.0.0-SNAPSHOT @ C:\Users\pierr\death-to-eclipse\WebBasedBDD-master\WebBasedSolution_GIT\dk.sdu.bdd.xtext.parent\dk.sdu.bdd.xtext.ide\pom.xml.
2024-11-08 11:45:48,863 [Worker-5: Building] INFO  o.e.m.c.i.embedder.EclipseLogger - Using 'UTF-8' encoding to copy filtered resources.
2024-11-08 11:45:48,864 [Worker-5: Building] INFO  o.e.m.c.i.embedder.EclipseLogger - skip non existing resourceDirectory C:\Users\pierr\death-to-eclipse\WebBasedBDD-master\WebBasedSolution_GIT\dk.sdu.bdd.xtext.parent\dk.sdu.bdd.xtext.ide\src\main\resources
2024-11-08 11:45:48,866 [Worker-5: Building] INFO  o.e.m.c.i.embedder.EclipseLogger - Using 'UTF-8' encoding to copy filtered resources.
2024-11-08 11:45:48,866 [Worker-5: Building] INFO  o.e.m.c.i.embedder.EclipseLogger - skip non existing resourceDirectory C:\Users\pierr\death-to-eclipse\WebBasedBDD-master\WebBasedSolution_GIT\dk.sdu.bdd.xtext.parent\dk.sdu.bdd.xtext.ide\src\test\resources
2024-11-08 11:45:50,234 [Worker-5: Building] INFO  o.e.m.c.i.embedder.EclipseLogger - Using 'UTF-8' encoding to copy filtered resources.
2024-11-08 11:45:50,234 [Worker-5: Building] INFO  o.e.m.c.i.embedder.EclipseLogger - skip non existing resourceDirectory C:\Users\pierr\death-to-eclipse\WebBasedBDD-master\WebBasedSolution_GIT\dk.sdu.bdd.xtext.parent\dk.sdu.bdd.xtext.ide\src\main\resources
2024-11-08 11:45:50,238 [Worker-5: Building] INFO  o.e.m.c.i.embedder.EclipseLogger - Using 'UTF-8' encoding to copy filtered resources.
2024-11-08 11:45:50,238 [Worker-5: Building] INFO  o.e.m.c.i.embedder.EclipseLogger - skip non existing resourceDirectory C:\Users\pierr\death-to-eclipse\WebBasedBDD-master\WebBasedSolution_GIT\dk.sdu.bdd.xtext.parent\dk.sdu.bdd.xtext.ide\src\test\resources
2024-11-08 11:45:50,715 [Worker-5: Building] INFO  o.e.m.c.i.l.LifecycleMappingFactory - Using DEFAULT lifecycle mapping for MavenProject: dk.sdu.bdd.xtext:dk.sdu.bdd.xtext.tests:1.0.0-SNAPSHOT @ C:\Users\pierr\death-to-eclipse\WebBasedBDD-master\WebBasedSolution_GIT\dk.sdu.bdd.xtext.parent\dk.sdu.bdd.xtext.tests\pom.xml.
2024-11-08 11:45:50,726 [Worker-5: Building] INFO  o.e.m.c.i.embedder.EclipseLogger - Using 'UTF-8' encoding to copy filtered resources.
2024-11-08 11:45:50,727 [Worker-5: Building] INFO  o.e.m.c.i.embedder.EclipseLogger - skip non existing resourceDirectory C:\Users\pierr\death-to-eclipse\WebBasedBDD-master\WebBasedSolution_GIT\dk.sdu.bdd.xtext.parent\dk.sdu.bdd.xtext.tests\src\main\resources
2024-11-08 11:45:50,729 [Worker-5: Building] INFO  o.e.m.c.i.embedder.EclipseLogger - Using 'UTF-8' encoding to copy filtered resources.
2024-11-08 11:45:50,730 [Worker-5: Building] INFO  o.e.m.c.i.embedder.EclipseLogger - skip non existing resourceDirectory C:\Users\pierr\death-to-eclipse\WebBasedBDD-master\WebBasedSolution_GIT\dk.sdu.bdd.xtext.parent\dk.sdu.bdd.xtext.tests\src\test\resources
2024-11-08 11:45:51,555 [Worker-5: Building] INFO  o.e.m.c.i.embedder.EclipseLogger - Using 'UTF-8' encoding to copy filtered resources.
2024-11-08 11:45:51,555 [Worker-5: Building] INFO  o.e.m.c.i.embedder.EclipseLogger - skip non existing resourceDirectory C:\Users\pierr\death-to-eclipse\WebBasedBDD-master\WebBasedSolution_GIT\dk.sdu.bdd.xtext.parent\dk.sdu.bdd.xtext.tests\src\main\resources
2024-11-08 11:45:51,558 [Worker-5: Building] INFO  o.e.m.c.i.embedder.EclipseLogger - Using 'UTF-8' encoding to copy filtered resources.
2024-11-08 11:45:51,558 [Worker-5: Building] INFO  o.e.m.c.i.embedder.EclipseLogger - skip non existing resourceDirectory C:\Users\pierr\death-to-eclipse\WebBasedBDD-master\WebBasedSolution_GIT\dk.sdu.bdd.xtext.parent\dk.sdu.bdd.xtext.tests\src\test\resources
2024-11-08 11:45:51,704 [Worker-5: Building] INFO  o.e.m.c.i.l.LifecycleMappingFactory - Using DEFAULT lifecycle mapping for MavenProject: dk.sdu.bdd.xtext:dk.sdu.bdd.xtext.ui:1.0.0-SNAPSHOT @ C:\Users\pierr\death-to-eclipse\WebBasedBDD-master\WebBasedSolution_GIT\dk.sdu.bdd.xtext.parent\dk.sdu.bdd.xtext.ui\pom.xml.
2024-11-08 11:45:51,717 [Worker-5: Building] INFO  o.e.m.c.i.embedder.EclipseLogger - Using 'UTF-8' encoding to copy filtered resources.
2024-11-08 11:45:51,717 [Worker-5: Building] INFO  o.e.m.c.i.embedder.EclipseLogger - skip non existing resourceDirectory C:\Users\pierr\death-to-eclipse\WebBasedBDD-master\WebBasedSolution_GIT\dk.sdu.bdd.xtext.parent\dk.sdu.bdd.xtext.ui\src\main\resources
2024-11-08 11:45:51,719 [Worker-5: Building] INFO  o.e.m.c.i.embedder.EclipseLogger - Using 'UTF-8' encoding to copy filtered resources.
2024-11-08 11:45:51,720 [Worker-5: Building] INFO  o.e.m.c.i.embedder.EclipseLogger - skip non existing resourceDirectory C:\Users\pierr\death-to-eclipse\WebBasedBDD-master\WebBasedSolution_GIT\dk.sdu.bdd.xtext.parent\dk.sdu.bdd.xtext.ui\src\test\resources
2024-11-08 11:45:54,537 [Worker-5: Building] INFO  o.e.m.c.i.embedder.EclipseLogger - Using 'UTF-8' encoding to copy filtered resources.
2024-11-08 11:45:54,538 [Worker-5: Building] INFO  o.e.m.c.i.embedder.EclipseLogger - skip non existing resourceDirectory C:\Users\pierr\death-to-eclipse\WebBasedBDD-master\WebBasedSolution_GIT\dk.sdu.bdd.xtext.parent\dk.sdu.bdd.xtext.ui\src\main\resources
2024-11-08 11:45:54,540 [Worker-5: Building] INFO  o.e.m.c.i.embedder.EclipseLogger - Using 'UTF-8' encoding to copy filtered resources.
2024-11-08 11:45:54,540 [Worker-5: Building] INFO  o.e.m.c.i.embedder.EclipseLogger - skip non existing resourceDirectory C:\Users\pierr\death-to-eclipse\WebBasedBDD-master\WebBasedSolution_GIT\dk.sdu.bdd.xtext.parent\dk.sdu.bdd.xtext.ui\src\test\resources
2024-11-08 11:45:54,713 [Worker-5: Building] INFO  o.e.m.c.i.l.LifecycleMappingFactory - Using DEFAULT lifecycle mapping for MavenProject: dk.sdu.bdd.xtext:dk.sdu.bdd.xtext.ui.tests:1.0.0-SNAPSHOT @ C:\Users\pierr\death-to-eclipse\WebBasedBDD-master\WebBasedSolution_GIT\dk.sdu.bdd.xtext.parent\dk.sdu.bdd.xtext.ui.tests\pom.xml.
2024-11-08 11:45:54,727 [Worker-5: Building] INFO  o.e.m.c.i.embedder.EclipseLogger - Using 'UTF-8' encoding to copy filtered resources.
2024-11-08 11:45:54,728 [Worker-5: Building] INFO  o.e.m.c.i.embedder.EclipseLogger - skip non existing resourceDirectory C:\Users\pierr\death-to-eclipse\WebBasedBDD-master\WebBasedSolution_GIT\dk.sdu.bdd.xtext.parent\dk.sdu.bdd.xtext.ui.tests\src\main\resources
2024-11-08 11:45:54,731 [Worker-5: Building] INFO  o.e.m.c.i.embedder.EclipseLogger - Using 'UTF-8' encoding to copy filtered resources.
2024-11-08 11:45:54,732 [Worker-5: Building] INFO  o.e.m.c.i.embedder.EclipseLogger - skip non existing resourceDirectory C:\Users\pierr\death-to-eclipse\WebBasedBDD-master\WebBasedSolution_GIT\dk.sdu.bdd.xtext.parent\dk.sdu.bdd.xtext.ui.tests\src\test\resources
2024-11-08 11:45:57,550 [Worker-5: Building] INFO  o.e.m.c.i.l.LifecycleMappingFactory - Using org.eclipse.m2e.jdt.JarLifecycleMapping lifecycle mapping for MavenProject: dk.sdu.bdd.xtext:dk.sdu.bdd.xtext.web:1.0.0-SNAPSHOT @ C:\Users\pierr\death-to-eclipse\WebBasedBDD-master\WebBasedSolution_GIT\dk.sdu.bdd.xtext.parent\dk.sdu.bdd.xtext.web\pom.xml.
2024-11-08 11:45:58,815 [Worker-5: Building] INFO  o.e.m.c.i.p.WorkspaceClassifierResolverManager - Resolving P/dk.sdu.bdd.text: dk.sdu.bdd.xtext:dk.sdu.bdd.xtext:1.0.0-SNAPSHOT with classifier  to /dk.sdu.bdd.text/target/classes
2024-11-08 11:45:58,815 [Worker-5: Building] INFO  o.e.m.c.i.p.WorkspaceClassifierResolverManager - Resolving P/dk.sdu.bdd.text.ide: dk.sdu.bdd.xtext:dk.sdu.bdd.xtext.ide:1.0.0-SNAPSHOT with classifier  to /dk.sdu.bdd.text.ide/target/classes
2024-11-08 11:46:01,290 [Worker-5: Building] INFO  o.a.m.s.f.DefaultMavenResourcesFiltering - Copying 2 resources from src to target\classes
2024-11-08 11:46:01,302 [Worker-5: Building] INFO  o.a.m.s.f.DefaultMavenResourcesFiltering - skip non existing resourceDirectory C:\Users\pierr\death-to-eclipse\WebBasedBDD-master\WebBasedSolution_GIT\dk.sdu.bdd.xtext.parent\dk.sdu.bdd.xtext.web\src\test\resources
2024-11-08 11:46:05,190 [Worker-17: Building] INFO  o.a.m.s.f.DefaultMavenResourcesFiltering - Copying 2 resources from src to target\classes
2024-11-08 11:46:05,196 [Worker-17: Building] INFO  o.a.m.s.f.DefaultMavenResourcesFiltering - skip non existing resourceDirectory C:\Users\pierr\death-to-eclipse\WebBasedBDD-master\WebBasedSolution_GIT\dk.sdu.bdd.xtext.parent\dk.sdu.bdd.xtext.web\src\test\resources
2024-11-08 11:48:10,384 [Worker-8: Building] INFO  o.e.m.c.i.embedder.EclipseLogger - Using 'UTF-8' encoding to copy filtered resources.
2024-11-08 11:48:10,385 [Worker-8: Building] INFO  o.e.m.c.i.embedder.EclipseLogger - skip non existing resourceDirectory C:\Users\pierr\death-to-eclipse\WebBasedBDD-master\WebBasedSolution_GIT\dk.sdu.bdd.xtext.parent\dk.sdu.bdd.xtext\src\main\resources
2024-11-08 11:48:10,387 [Worker-8: Building] INFO  o.e.m.c.i.embedder.EclipseLogger - Using 'UTF-8' encoding to copy filtered resources.
2024-11-08 11:48:10,387 [Worker-8: Building] INFO  o.e.m.c.i.embedder.EclipseLogger - skip non existing resourceDirectory C:\Users\pierr\death-to-eclipse\WebBasedBDD-master\WebBasedSolution_GIT\dk.sdu.bdd.xtext.parent\dk.sdu.bdd.xtext\src\test\resources
2024-11-08 11:48:10,422 [Worker-8: Building] INFO  o.e.m.c.i.embedder.EclipseLogger - Using 'UTF-8' encoding to copy filtered resources.
2024-11-08 11:48:10,423 [Worker-8: Building] INFO  o.e.m.c.i.embedder.EclipseLogger - skip non existing resourceDirectory C:\Users\pierr\death-to-eclipse\WebBasedBDD-master\WebBasedSolution_GIT\dk.sdu.bdd.xtext.parent\dk.sdu.bdd.xtext.ide\src\main\resources
2024-11-08 11:48:10,424 [Worker-8: Building] INFO  o.e.m.c.i.embedder.EclipseLogger - Using 'UTF-8' encoding to copy filtered resources.
2024-11-08 11:48:10,424 [Worker-8: Building] INFO  o.e.m.c.i.embedder.EclipseLogger - skip non existing resourceDirectory C:\Users\pierr\death-to-eclipse\WebBasedBDD-master\WebBasedSolution_GIT\dk.sdu.bdd.xtext.parent\dk.sdu.bdd.xtext.ide\src\test\resources
2024-11-08 11:48:11,973 [Worker-8: Building] INFO  o.e.m.c.i.embedder.EclipseLogger - Using 'UTF-8' encoding to copy filtered resources.
2024-11-08 11:48:11,973 [Worker-8: Building] INFO  o.e.m.c.i.embedder.EclipseLogger - skip non existing resourceDirectory C:\Users\pierr\death-to-eclipse\WebBasedBDD-master\WebBasedSolution_GIT\dk.sdu.bdd.xtext.parent\dk.sdu.bdd.xtext.tests\src\main\resources
2024-11-08 11:48:11,976 [Worker-8: Building] INFO  o.e.m.c.i.embedder.EclipseLogger - Using 'UTF-8' encoding to copy filtered resources.
2024-11-08 11:48:11,976 [Worker-8: Building] INFO  o.e.m.c.i.embedder.EclipseLogger - skip non existing resourceDirectory C:\Users\pierr\death-to-eclipse\WebBasedBDD-master\WebBasedSolution_GIT\dk.sdu.bdd.xtext.parent\dk.sdu.bdd.xtext.tests\src\test\resources
2024-11-08 11:48:13,499 [Worker-8: Building] INFO  o.e.m.c.i.embedder.EclipseLogger - Using 'UTF-8' encoding to copy filtered resources.
2024-11-08 11:48:13,499 [Worker-8: Building] INFO  o.e.m.c.i.embedder.EclipseLogger - skip non existing resourceDirectory C:\Users\pierr\death-to-eclipse\WebBasedBDD-master\WebBasedSolution_GIT\dk.sdu.bdd.xtext.parent\dk.sdu.bdd.xtext.ui\src\main\resources
2024-11-08 11:48:13,502 [Worker-8: Building] INFO  o.e.m.c.i.embedder.EclipseLogger - Using 'UTF-8' encoding to copy filtered resources.
2024-11-08 11:48:13,502 [Worker-8: Building] INFO  o.e.m.c.i.embedder.EclipseLogger - skip non existing resourceDirectory C:\Users\pierr\death-to-eclipse\WebBasedBDD-master\WebBasedSolution_GIT\dk.sdu.bdd.xtext.parent\dk.sdu.bdd.xtext.ui\src\test\resources
2024-11-08 11:48:14,781 [Worker-8: Building] INFO  o.e.m.c.i.embedder.EclipseLogger - Using 'UTF-8' encoding to copy filtered resources.
2024-11-08 11:48:14,781 [Worker-8: Building] INFO  o.e.m.c.i.embedder.EclipseLogger - skip non existing resourceDirectory C:\Users\pierr\death-to-eclipse\WebBasedBDD-master\WebBasedSolution_GIT\dk.sdu.bdd.xtext.parent\dk.sdu.bdd.xtext.ui.tests\src\main\resources
2024-11-08 11:48:14,784 [Worker-8: Building] INFO  o.e.m.c.i.embedder.EclipseLogger - Using 'UTF-8' encoding to copy filtered resources.
2024-11-08 11:48:14,784 [Worker-8: Building] INFO  o.e.m.c.i.embedder.EclipseLogger - skip non existing resourceDirectory C:\Users\pierr\death-to-eclipse\WebBasedBDD-master\WebBasedSolution_GIT\dk.sdu.bdd.xtext.parent\dk.sdu.bdd.xtext.ui.tests\src\test\resources
2024-11-08 11:48:17,070 [Worker-8: Building] INFO  o.a.m.s.f.DefaultMavenResourcesFiltering - Copying 2 resources from src to target\classes
2024-11-08 11:48:17,075 [Worker-8: Building] INFO  o.a.m.s.f.DefaultMavenResourcesFiltering - skip non existing resourceDirectory C:\Users\pierr\death-to-eclipse\WebBasedBDD-master\WebBasedSolution_GIT\dk.sdu.bdd.xtext.parent\dk.sdu.bdd.xtext.web\src\test\resources
2024-11-08 11:49:02,198 [Worker-21: Launching ServerLauncher] INFO  o.e.m.c.i.p.WorkspaceClassifierResolverManager - Resolving P/dk.sdu.bdd.text: dk.sdu.bdd.xtext:dk.sdu.bdd.xtext:1.0.0-SNAPSHOT with classifier null to /dk.sdu.bdd.text/target/classes
2024-11-08 11:49:02,199 [Worker-21: Launching ServerLauncher] INFO  o.e.m.c.i.p.WorkspaceClassifierResolverManager - Resolving P/dk.sdu.bdd.text.ide: dk.sdu.bdd.xtext:dk.sdu.bdd.xtext.ide:1.0.0-SNAPSHOT with classifier null to /dk.sdu.bdd.text.ide/target/classes
2024-11-08 11:49:02,281 [Worker-21: Launching ServerLauncher] INFO  o.e.m.c.i.p.WorkspaceClassifierResolverManager - Resolving P/dk.sdu.bdd.text: dk.sdu.bdd.xtext:dk.sdu.bdd.xtext:1.0.0-SNAPSHOT with classifier null to /dk.sdu.bdd.text/target/classes
2024-11-08 11:49:02,282 [Worker-21: Launching ServerLauncher] INFO  o.e.m.c.i.p.WorkspaceClassifierResolverManager - Resolving P/dk.sdu.bdd.text.ide: dk.sdu.bdd.xtext:dk.sdu.bdd.xtext.ide:1.0.0-SNAPSHOT with classifier null to /dk.sdu.bdd.text.ide/target/classes
2024-11-08 11:49:02,366 [Worker-21: Launching ServerLauncher] INFO  o.e.m.c.i.p.WorkspaceClassifierResolverManager - Resolving P/dk.sdu.bdd.text: dk.sdu.bdd.xtext:dk.sdu.bdd.xtext:1.0.0-SNAPSHOT with classifier null to /dk.sdu.bdd.text/target/classes
2024-11-08 11:49:02,367 [Worker-21: Launching ServerLauncher] INFO  o.e.m.c.i.p.WorkspaceClassifierResolverManager - Resolving P/dk.sdu.bdd.text.ide: dk.sdu.bdd.xtext:dk.sdu.bdd.xtext.ide:1.0.0-SNAPSHOT with classifier null to /dk.sdu.bdd.text.ide/target/classes
2024-11-22 10:35:30,795 [Worker-7: Loading available Gradle versions] INFO  o.e.b.c.i.u.g.PublishedGradleVersions - Gradle version information cache is out-of-date. Trying to update.
